生成启动时间为 2017/7/22 13:56:22。
     1>项目“D:\新团队项目\人脸识别再上路\SeetaFaceEngine\FaceDetection\examples\FaceDetection\FaceDetection.vcxproj”在节点 2 上(Build 个目标)。
     1>Link:
         D:\newVS2015\VC\bin\x86_amd64\link.exe /ERRORREPORT:PROMPT /OUT:"D:\新团队项目\人脸识别再上路\SeetaFaceEngine\FaceDetection\examples\x64\Release\FaceDetection.dll" /INCREMENTAL:NO /NOLOGO kernel32.lib user32.lib gdi32.lib winspool.lib comdlg32.lib advapi32.lib shell32.lib ole32.lib oleaut32.lib uuid.lib odbc32.lib odbccp32.lib /MANIFEST /MANIFESTUAC:"level='asInvoker' uiAccess='false'" /manifest:embed /Debug /PDB:"D:\新团队项目\人脸识别再上路\SeetaFaceEngine\FaceDetection\examples\x64\Release\FaceDetection.pdb" /SUBSYSTEM:WINDOWS /OPT:REF /OPT:ICF /LTCG:incremental /TLBID:1 /DYNAMICBASE /NXCOMPAT /IMPLIB:"D:\新团队项目\人脸识别再上路\SeetaFaceEngine\FaceDetection\examples\x64\Release\FaceDetection.lib" /MACHINE:X64 /DLL x64\Release\lab_boosted_classifier.obj
         x64\Release\mlp.obj
         x64\Release\surf_mlp.obj
         x64\Release\face_detection.obj
         x64\Release\lab_feature_map.obj
         x64\Release\surf_feature_map.obj
         x64\Release\fust.obj
         x64\Release\lab_boost_model_reader.obj
         x64\Release\surf_mlp_model_reader.obj
         x64\Release\image_pyramid.obj
         x64\Release\nms.obj
           正在创建库 D:\新团队项目\人脸识别再上路\SeetaFaceEngine\FaceDetection\examples\x64\Release\FaceDetection.lib 和对象 D:\新团队项目\人脸识别再上路\SeetaFaceEngine\FaceDetection\examples\x64\Release\FaceDetection.exp
         正在生成代码
         All 1916 functions were compiled because no usable IPDB/IOBJ from previous compilation was found.
         已完成代码的生成
         FaceDetection.vcxproj -> D:\新团队项目\人脸识别再上路\SeetaFaceEngine\FaceDetection\examples\x64\Release\FaceDetection.dll
     1>已完成生成项目“D:\新团队项目\人脸识别再上路\SeetaFaceEngine\FaceDetection\examples\FaceDetection\FaceDetection.vcxproj”(Build 个目标)的操作。

已成功生成。

已用时间 00:00:03.26
